<?xml version="1.0" encoding="UTF-8"?>
<testsuite xmlns:xsi="http://www.w3.org/2001/XMLSchema-instance" xsi:noNamespaceSchemaLocation="https://maven.apache.org/surefire/maven-surefire-plugin/xsd/surefire-test-report-3.0.xsd" version="3.0" name="de.haw.pra1.mmd.ProcessUnitTest" time="2.487" tests="8" errors="0" skipped="0" failures="0">
  <properties>
[...]
</properties>
  <testcase name="testHappyPath" classname="de.haw.pra1.mmd.ProcessUnitTest" time="0.441">
    <system-out><![CDATA[12:57:14.878 [main] DEBUG org.camunda.bpm.engine.test - ==== BUILDING PROCESS ENGINE ========================================================================
12:57:15.070 [main] INFO  org.camunda.bpm.engine.cfg - ENGINE-12003 Plugin 'SpinProcessEnginePlugin' activated on process engine 'default'
12:57:15.072 [main] INFO  org.camunda.spin - SPIN-01010 Discovered Spin data format provider: org.camunda.spin.impl.json.jackson.format.JacksonJsonDataFormatProvider[name = application/json]
12:57:15.157 [main] INFO  org.camunda.spin - SPIN-01010 Discovered Spin data format provider: org.camunda.spin.impl.xml.dom.format.DomXmlDataFormatProvider[name = application/xml]
12:57:15.208 [main] INFO  org.camunda.spin - SPIN-01009 Discovered Spin data format: org.camunda.spin.impl.xml.dom.format.DomXmlDataFormat[name = application/xml]
12:57:15.208 [main] INFO  org.camunda.spin - SPIN-01009 Discovered Spin data format: org.camunda.spin.impl.json.jackson.format.JacksonJsonDataFormat[name = application/json]
12:57:15.256 [main] INFO  org.camunda.bpm.dmn.feel.scala - FEEL/SCALA-01001 Spin value mapper detected
12:57:15.303 [main] INFO  org.camunda.feel.FeelEngine - Engine created. [value-mapper: CompositeValueMapper(List(org.camunda.feel.impl.JavaValueMapper@787f32b7, org.camunda.spin.plugin.impl.feel.integration.SpinValueMapper@6aef4eb8)), function-provider: org.camunda.bpm.dmn.feel.impl.scala.function.CustomFunctionTransformer@4bb003e9, clock: SystemClock, configuration: {externalFunctionsEnabled: false}]
12:57:16.438 [main] INFO  org.camunda.bpm.connect - CNCT-01004 Discovered provider for connector id 'http-connector' and class 'org.camunda.connect.httpclient.impl.HttpConnectorImpl': 'org.camunda.connect.httpclient.impl.HttpConnectorProviderImpl'
12:57:16.439 [main] INFO  org.camunda.bpm.connect - CNCT-01004 Discovered provider for connector id 'soap-http-connector' and class 'org.camunda.connect.httpclient.soap.impl.SoapHttpConnectorImpl': 'org.camunda.connect.httpclient.soap.impl.SoapHttpConnectorProviderImpl'
12:57:16.542 [main] INFO  org.camunda.bpm.engine.persistence - ENGINE-03016 Performing database operation 'create' on component 'engine' with resource 'org/camunda/bpm/engine/db/create/activiti.h2.create.engine.sql'
12:57:16.593 [main] INFO  org.camunda.bpm.engine.persistence - ENGINE-03016 Performing database operation 'create' on component 'history' with resource 'org/camunda/bpm/engine/db/create/activiti.h2.create.history.sql'
12:57:16.600 [main] INFO  org.camunda.bpm.engine.persistence - ENGINE-03016 Performing database operation 'create' on component 'identity' with resource 'org/camunda/bpm/engine/db/create/activiti.h2.create.identity.sql'
12:57:16.606 [main] INFO  org.camunda.bpm.engine.persistence - ENGINE-03016 Performing database operation 'create' on component 'case.engine' with resource 'org/camunda/bpm/engine/db/create/activiti.h2.create.case.engine.sql'
12:57:16.608 [main] INFO  org.camunda.bpm.engine.persistence - ENGINE-03016 Performing database operation 'create' on component 'case.history' with resource 'org/camunda/bpm/engine/db/create/activiti.h2.create.case.history.sql'
12:57:16.615 [main] INFO  org.camunda.bpm.engine.persistence - ENGINE-03016 Performing database operation 'create' on component 'decision.engine' with resource 'org/camunda/bpm/engine/db/create/activiti.h2.create.decision.engine.sql'
12:57:16.618 [main] INFO  org.camunda.bpm.engine.persistence - ENGINE-03016 Performing database operation 'create' on component 'decision.history' with resource 'org/camunda/bpm/engine/db/create/activiti.h2.create.decision.history.sql'
12:57:16.633 [main] INFO  org.camunda.bpm.engine.persistence - ENGINE-03067 No history level property found in database
12:57:16.635 [main] INFO  org.camunda.bpm.engine.persistence - ENGINE-03065 Creating historyLevel property in database for level: HistoryLevelFull(name=full, id=3)
12:57:16.644 [main] INFO  org.camunda.bpm.engine - ENGINE-00001 Process Engine default created.
12:57:16.645 [main] DEBUG org.camunda.bpm.engine.test - ==== PROCESS ENGINE CREATED =========================================================================
12:57:16.649 [main] INFO  o.c.b.e.j.t.ProcessEngineExtension - annotation @Deployment creates deployment for de.haw.pra1.mmd.ProcessUnitTest.testHappyPath
java.util.DateTest
12:57:17.070 [main] INFO  o.c.c.p.j.p.ProcessEngineCoverageExtension - testHappyPath test method coverage is 0.4523809523809524
12:57:17.070 [main] INFO  o.c.b.e.j.t.ProcessEngineExtension - annotation @Deployment deletes deployment for de.haw.pra1.mmd.ProcessUnitTest.testHappyPath
]]></system-out>
    <system-err><![CDATA[Apr 19, 2024 12:57:16 PM de.haw.pra1.mmd.VerifyApplication execute
INFO: java.util.DateTest
Apr 19, 2024 12:57:16 PM de.haw.pra1.mmd.RequestManager execute
INFO: Generate PDF for: myBusinessKey
Apr 19, 2024 12:57:16 PM de.haw.pra1.mmd.RequestManager execute
INFO: File objection for: myBusinessKey
]]></system-err>
  </testcase>
  <testcase name="testFirstRejectRequest" classname="de.haw.pra1.mmd.ProcessUnitTest" time="0.038">
    <system-out><![CDATA[12:57:17.088 [main] INFO  o.c.b.e.j.t.ProcessEngineExtension - annotation @Deployment creates deployment for de.haw.pra1.mmd.ProcessUnitTest.testFirstRejectRequest
12:57:17.120 [main] INFO  o.c.c.p.j.p.ProcessEngineCoverageExtension - testFirstRejectRequest test method coverage is NaN
12:57:17.121 [main] INFO  o.c.b.e.j.t.ProcessEngineExtension - annotation @Deployment deletes deployment for de.haw.pra1.mmd.ProcessUnitTest.testFirstRejectRequest
]]></system-out>
  </testcase>
  <testcase name="testThirdRejectRequest" classname="de.haw.pra1.mmd.ProcessUnitTest" time="0.028">
    <system-out><![CDATA[12:57:17.128 [main] INFO  o.c.b.e.j.t.ProcessEngineExtension - annotation @Deployment creates deployment for de.haw.pra1.mmd.ProcessUnitTest.testThirdRejectRequest
12:57:17.151 [main] INFO  o.c.c.p.j.p.ProcessEngineCoverageExtension - testThirdRejectRequest test method coverage is NaN
12:57:17.151 [main] INFO  o.c.b.e.j.t.ProcessEngineExtension - annotation @Deployment deletes deployment for de.haw.pra1.mmd.ProcessUnitTest.testThirdRejectRequest
]]></system-out>
  </testcase>
  <testcase name="testObjectionRefused" classname="de.haw.pra1.mmd.ProcessUnitTest" time="0.029">
    <system-out><![CDATA[12:57:17.157 [main] INFO  o.c.b.e.j.t.ProcessEngineExtension - annotation @Deployment creates deployment for de.haw.pra1.mmd.ProcessUnitTest.testObjectionRefused
12:57:17.180 [main] INFO  o.c.c.p.j.p.ProcessEngineCoverageExtension - testObjectionRefused test method coverage is NaN
12:57:17.180 [main] INFO  o.c.b.e.j.t.ProcessEngineExtension - annotation @Deployment deletes deployment for de.haw.pra1.mmd.ProcessUnitTest.testObjectionRefused
]]></system-out>
  </testcase>
  <testcase name="testFirstTimerExceeded" classname="de.haw.pra1.mmd.ProcessUnitTest" time="0.027">
    <system-out><![CDATA[12:57:17.186 [main] INFO  o.c.b.e.j.t.ProcessEngineExtension - annotation @Deployment creates deployment for de.haw.pra1.mmd.ProcessUnitTest.testFirstTimerExceeded
12:57:17.207 [main] INFO  o.c.c.p.j.p.ProcessEngineCoverageExtension - testFirstTimerExceeded test method coverage is NaN
12:57:17.207 [main] INFO  o.c.b.e.j.t.ProcessEngineExtension - annotation @Deployment deletes deployment for de.haw.pra1.mmd.ProcessUnitTest.testFirstTimerExceeded
]]></system-out>
  </testcase>
  <testcase name="testSecondRejectRequest" classname="de.haw.pra1.mmd.ProcessUnitTest" time="0.032">
    <system-out><![CDATA[12:57:17.213 [main] INFO  o.c.b.e.j.t.ProcessEngineExtension - annotation @Deployment creates deployment for de.haw.pra1.mmd.ProcessUnitTest.testSecondRejectRequest
12:57:17.238 [main] INFO  o.c.c.p.j.p.ProcessEngineCoverageExtension - testSecondRejectRequest test method coverage is NaN
12:57:17.239 [main] INFO  o.c.b.e.j.t.ProcessEngineExtension - annotation @Deployment deletes deployment for de.haw.pra1.mmd.ProcessUnitTest.testSecondRejectRequest
]]></system-out>
  </testcase>
  <testcase name="testSecondTimerExceeded" classname="de.haw.pra1.mmd.ProcessUnitTest" time="0.022">
    <system-out><![CDATA[12:57:17.245 [main] INFO  o.c.b.e.j.t.ProcessEngineExtension - annotation @Deployment creates deployment for de.haw.pra1.mmd.ProcessUnitTest.testSecondTimerExceeded
12:57:17.263 [main] INFO  o.c.c.p.j.p.ProcessEngineCoverageExtension - testSecondTimerExceeded test method coverage is NaN
12:57:17.263 [main] INFO  o.c.b.e.j.t.ProcessEngineExtension - annotation @Deployment deletes deployment for de.haw.pra1.mmd.ProcessUnitTest.testSecondTimerExceeded
]]></system-out>
  </testcase>
  <testcase name="testDateNotValid" classname="de.haw.pra1.mmd.ProcessUnitTest" time="0.044">
    <system-out><![CDATA[12:57:17.267 [main] INFO  o.c.b.e.j.t.ProcessEngineExtension - annotation @Deployment creates deployment for de.haw.pra1.mmd.ProcessUnitTest.testDateNotValid
java.util.DateTest
12:57:17.302 [main] INFO  o.c.c.p.j.p.ProcessEngineCoverageExtension - testDateNotValid test method coverage is 0.16666666666666666
12:57:17.303 [main] INFO  o.c.b.e.j.t.ProcessEngineExtension - annotation @Deployment deletes deployment for de.haw.pra1.mmd.ProcessUnitTest.testDateNotValid
]]></system-out>
    <system-err><![CDATA[Apr 19, 2024 12:57:17 PM de.haw.pra1.mmd.VerifyApplication execute
INFO: java.util.DateTest
]]></system-err>
  </testcase>
</testsuite>